android/app/build/intermediates/manifest_merge_blame_file/debug/manifest-merger-blame-debug-report.txt
1<?xml version="1.0" encoding="utf-8"?>
2<manifest xmlns:android="http://schemas.android.com/apk/res/android"
3    package="com.coolq"
4    android:versionCode="4194308"
5    android:versionName="1.5" >
6
7    <uses-sdk
8        android:minSdkVersion="21"
9        android:targetSdkVersion="29" />
10
11    <uses-permission android:name="android.permission.SYSTEM_ALERT_WINDOW" />
11-->src\main\AndroidManifest.xml:6:5-77
11-->src\main\AndroidManifest.xml:6:22-75
12    <uses-permission android:name="android.permission.INTERNET" />
12-->src\main\AndroidManifest.xml:4:5-67
12-->src\main\AndroidManifest.xml:4:22-64
13    <uses-permission android:name="android.permission.VIBRATE" />
13-->src\main\AndroidManifest.xml:5:5-65
13-->src\main\AndroidManifest.xml:5:22-63
14    <uses-permission android:name="android.permission.ACCESS_FINE_LOCATION" />
14-->src\main\AndroidManifest.xml:7:5-79
14-->src\main\AndroidManifest.xml:7:22-76
15    <uses-permission android:name="android.permission.ACCESS_WIFI_STATE" />
15-->[com.facebook.flipper:flipper:0.37.0] AndroidManifest.xml:16:5-76
15-->[com.facebook.flipper:flipper:0.37.0] AndroidManifest.xml:16:22-73
16    <uses-permission android:name="android.permission.WAKE_LOCK" />
16-->[:react-native-firebase_messaging] AndroidManifest.xml:12:5-68
16-->[:react-native-firebase_messaging] AndroidManifest.xml:12:22-65
17    <uses-permission android:name="android.permission.ACCESS_NETWORK_STATE" />
17-->[:react-native-firebase_messaging] AndroidManifest.xml:13:5-79
17-->[:react-native-firebase_messaging] AndroidManifest.xml:13:22-76
18    <uses-permission android:name="android.permission.CAMERA" />
18-->[:react-native-camera] AndroidManifest.xml:9:5-65
18-->[:react-native-camera] AndroidManifest.xml:9:22-62
19
20    <uses-feature
20-->[:react-native-camera] AndroidManifest.xml:11:5-13:36
21        android:name="android.hardware.camera"
21-->[:react-native-camera] AndroidManifest.xml:12:9-47
22        android:required="false" />
22-->[:react-native-camera] AndroidManifest.xml:13:9-33
23    <uses-feature
23-->[:react-native-camera] AndroidManifest.xml:14:5-16:36
24        android:name="android.hardware.camera.autofocus"
24-->[:react-native-camera] AndroidManifest.xml:15:9-57
25        android:required="false" />
25-->[:react-native-camera] AndroidManifest.xml:16:9-33
26
27    <uses-permission android:name="android.permission.ACCESS_COARSE_LOCATION" /> <!-- Required to access Google Play Licensing -->
27-->[:react-native-get-location] AndroidManifest.xml:9:5-81
27-->[:react-native-get-location] AndroidManifest.xml:9:22-78
28    <uses-permission android:name="com.android.vending.CHECK_LICENSE" /> <!-- Required to read and write the expansion files on shared storage -->
28-->[:rn-fetch-blob] AndroidManifest.xml:12:5-73
28-->[:rn-fetch-blob] AndroidManifest.xml:12:22-70
29    <uses-permission android:name="android.permission.WRITE_EXTERNAL_STORAGE" /> <!-- Required by older versions of Google Play services to create IID tokens -->
29-->[:rn-fetch-blob] AndroidManifest.xml:33:5-81
29-->[:rn-fetch-blob] AndroidManifest.xml:33:22-78
30    <uses-permission android:name="com.google.android.c2dm.permission.RECEIVE" />
30-->[com.google.firebase:firebase-iid:21.0.1] AndroidManifest.xml:26:5-82
30-->[com.google.firebase:firebase-iid:21.0.1] AndroidManifest.xml:26:22-79
31
32    <uses-feature
32-->[com.google.android.gms:play-services-maps:17.0.0] AndroidManifest.xml:26:5-28:35
33        android:glEsVersion="0x00020000"
33-->[com.google.android.gms:play-services-maps:17.0.0] AndroidManifest.xml:27:9-41
34        android:required="true" />
34-->[com.google.android.gms:play-services-maps:17.0.0] AndroidManifest.xml:28:9-32
35
36    <uses-permission android:name="com.google.android.finsky.permission.BIND_GET_INSTALL_REFERRER_SERVICE" />
36-->[com.google.android.gms:play-services-measurement:18.0.2] AndroidManifest.xml:26:5-110
36-->[com.google.android.gms:play-services-measurement:18.0.2] AndroidManifest.xml:26:22-107
37
38    <application
38-->src\main\AndroidManifest.xml:10:5-51:19
39        android:name="com.coolq.MainApplication"
39-->src\main\AndroidManifest.xml:11:7-38
40        android:allowBackup="false"
40-->src\main\AndroidManifest.xml:15:7-34
41        android:appComponentFactory="androidx.core.app.CoreComponentFactory"
41-->[androidx.core:core:1.2.0] AndroidManifest.xml:24:18-86
42        android:debuggable="true"
43        android:icon="@mipmap/ic_launcher"
43-->src\main\AndroidManifest.xml:13:7-41
44        android:label="@string/app_name"
44-->src\main\AndroidManifest.xml:12:7-39
45        android:requestLegacyExternalStorage="true"
45-->src\main\AndroidManifest.xml:16:7-50
46        android:roundIcon="@mipmap/ic_launcher_round"
46-->src\main\AndroidManifest.xml:14:7-52
47        android:theme="@style/AppTheme"
47-->src\main\AndroidManifest.xml:17:7-38
48        android:usesCleartextTraffic="true" >
48-->src\debug\AndroidManifest.xml:7:18-53
49        <receiver android:name="com.dieam.reactnativepushnotification.modules.RNPushNotificationPublisher" />
49-->src\main\AndroidManifest.xml:19:5-106
49-->src\main\AndroidManifest.xml:19:15-103
50        <receiver android:name="com.dieam.reactnativepushnotification.modules.RNPushNotificationBootEventReceiver" >
50-->src\main\AndroidManifest.xml:20:5-24:16
50-->src\main\AndroidManifest.xml:20:15-111
51            <intent-filter>
51-->src\main\AndroidManifest.xml:21:9-23:25
52                <action android:name="android.intent.action.BOOT_COMPLETED" />
52-->src\main\AndroidManifest.xml:22:13-75
52-->src\main\AndroidManifest.xml:22:21-72
53            </intent-filter>
54        </receiver>
55
56        <service android:name="com.dieam.reactnativepushnotification.modules.RNPushNotificationRegistrationService" />
56-->src\main\AndroidManifest.xml:25:5-114
56-->src\main\AndroidManifest.xml:25:14-112
57        <service
57-->src\main\AndroidManifest.xml:26:5-32:15
58            android:name="com.dieam.reactnativepushnotification.modules.RNPushNotificationListenerService"
58-->src\main\AndroidManifest.xml:27:9-103
59            android:exported="false" >
59-->src\main\AndroidManifest.xml:28:9-33
60            <intent-filter>
60-->src\main\AndroidManifest.xml:29:9-31:25
61                <action android:name="com.google.android.c2dm.intent.RECEIVE" />
61-->src\main\AndroidManifest.xml:30:13-77
61-->src\main\AndroidManifest.xml:30:21-74
62            </intent-filter>
63        </service>
64
65        <meta-data
65-->src\main\AndroidManifest.xml:34:7-36:66
66            android:name="com.google.android.geo.API_KEY"
66-->src\main\AndroidManifest.xml:35:9-54
67            android:value="AIzaSyDvaS7W8iRIZTGJ6v5yePMWF4B2sCEVWqg" />
67-->src\main\AndroidManifest.xml:36:9-64
68
69        <activity
69-->src\main\AndroidManifest.xml:38:7-49:18
70            android:name="com.coolq.MainActivity"
70-->src\main\AndroidManifest.xml:39:9-37
71            android:configChanges="keyboard|keyboardHidden|orientation|screenSize|uiMode"
71-->src\main\AndroidManifest.xml:41:9-86
72            android:label="@string/app_name"
72-->src\main\AndroidManifest.xml:40:9-41
73            android:launchMode="singleTask"
73-->src\main\AndroidManifest.xml:42:9-40
74            android:windowSoftInputMode="adjustResize" >
74-->src\main\AndroidManifest.xml:43:9-51
75            <intent-filter>
75-->src\main\AndroidManifest.xml:45:9-48:25
76                <action android:name="android.intent.action.MAIN" />
76-->src\main\AndroidManifest.xml:46:13-65
76-->src\main\AndroidManifest.xml:46:21-62
77
78                <category android:name="android.intent.category.LAUNCHER" />
78-->src\main\AndroidManifest.xml:47:13-73
78-->src\main\AndroidManifest.xml:47:23-70
79            </intent-filter>
80        </activity>
81        <activity android:name="com.facebook.react.devsupport.DevSettingsActivity" /> <!-- A proxy-service that gives the library an opportunity to do some work before launching/resuming the actual application task. -->
81-->src\main\AndroidManifest.xml:50:7-84
81-->src\main\AndroidManifest.xml:50:17-81
82        <service android:name="com.wix.reactnativenotifications.core.ProxyService" />
82-->[:react-native-notifications] AndroidManifest.xml:14:9-86
82-->[:react-native-notifications] AndroidManifest.xml:14:18-83
83        <service android:name="com.wix.reactnativenotifications.fcm.FcmInstanceIdListenerService" >
83-->[:react-native-notifications] AndroidManifest.xml:15:9-20:19
83-->[:react-native-notifications] AndroidManifest.xml:15:18-98
84            <intent-filter>
84-->[:react-native-notifications] AndroidManifest.xml:16:13-19:29
85                <action android:name="com.google.firebase.MESSAGING_EVENT" />
85-->[:react-native-notifications] AndroidManifest.xml:17:17-78
85-->[:react-native-notifications] AndroidManifest.xml:17:25-75
86                <action android:name="com.google.firebase.INSTANCE_ID_EVENT" />
86-->[:react-native-notifications] AndroidManifest.xml:18:17-80
86-->[:react-native-notifications] AndroidManifest.xml:18:25-77
87            </intent-filter>
88        </service>
89        <service
89-->[:react-native-notifications] AndroidManifest.xml:21:9-24:72
90            android:name="com.wix.reactnativenotifications.fcm.FcmInstanceIdRefreshHandlerService"
90-->[:react-native-notifications] AndroidManifest.xml:22:13-99
91            android:exported="false"
91-->[:react-native-notifications] AndroidManifest.xml:23:13-37
92            android:permission="android.permission.BIND_JOB_SERVICE" />
92-->[:react-native-notifications] AndroidManifest.xml:24:13-69
93        <service android:name="io.invertase.firebase.messaging.ReactNativeFirebaseMessagingHeadlessService" />
93-->[:react-native-firebase_messaging] AndroidManifest.xml:16:9-111
93-->[:react-native-firebase_messaging] AndroidManifest.xml:16:18-108
94        <service
94-->[:react-native-firebase_messaging] AndroidManifest.xml:17:9-23:19
95            android:name="io.invertase.firebase.messaging.ReactNativeFirebaseMessagingService"
95-->[:react-native-firebase_messaging] AndroidManifest.xml:18:13-95
96            android:exported="false" >
96-->[:react-native-firebase_messaging] AndroidManifest.xml:19:13-37
97            <intent-filter>
97-->[:react-native-firebase_messaging] AndroidManifest.xml:20:13-22:29
98                <action android:name="com.google.firebase.MESSAGING_EVENT" />
98-->[:react-native-notifications] AndroidManifest.xml:17:17-78
98-->[:react-native-notifications] AndroidManifest.xml:17:25-75
99            </intent-filter>
100        </service>
101
102        <receiver
102-->[:react-native-firebase_messaging] AndroidManifest.xml:25:9-32:20
103            android:name="io.invertase.firebase.messaging.ReactNativeFirebaseMessagingReceiver"
103-->[:react-native-firebase_messaging] AndroidManifest.xml:26:13-96
104            android:exported="true"
104-->[:react-native-firebase_messaging] AndroidManifest.xml:27:13-36
105            android:permission="com.google.android.c2dm.permission.SEND" >
105-->[:react-native-firebase_messaging] AndroidManifest.xml:28:13-73
106            <intent-filter>
106-->src\main\AndroidManifest.xml:29:9-31:25
107                <action android:name="com.google.android.c2dm.intent.RECEIVE" />
107-->src\main\AndroidManifest.xml:30:13-77
107-->src\main\AndroidManifest.xml:30:21-74
108            </intent-filter>
109        </receiver>
110
111        <meta-data
111-->[:react-native-firebase_messaging] AndroidManifest.xml:34:9-36:36
112            android:name="firebase_messaging_auto_init_enabled"
112-->[:react-native-firebase_messaging] AndroidManifest.xml:35:13-64
113            android:value="true" />
113-->[:react-native-firebase_messaging] AndroidManifest.xml:36:13-33
114        <meta-data
114-->[:react-native-firebase_messaging] AndroidManifest.xml:37:9-39:32
115            android:name="com.google.firebase.messaging.default_notification_channel_id"
115-->[:react-native-firebase_messaging] AndroidManifest.xml:38:13-89
116            android:value="" />
116-->[:react-native-firebase_messaging] AndroidManifest.xml:39:13-29
117        <meta-data
117-->[:react-native-firebase_messaging] AndroidManifest.xml:40:9-42:47
118            android:name="com.google.firebase.messaging.default_notification_color"
118-->[:react-native-firebase_messaging] AndroidManifest.xml:41:13-84
119            android:resource="@color/white" />
119-->[:react-native-firebase_messaging] AndroidManifest.xml:42:13-44
120        <!--
121             FirebaseMessagingService performs security checks at runtime,
122             but set to not exported to explicitly avoid allowing another app to call it.
123        -->
124        <service
124-->[com.google.firebase:firebase-messaging:21.0.1] AndroidManifest.xml:28:9-35:19
125            android:name="com.google.firebase.messaging.FirebaseMessagingService"
125-->[com.google.firebase:firebase-messaging:21.0.1] AndroidManifest.xml:29:13-82
126            android:directBootAware="true"
126-->[com.google.firebase:firebase-messaging:21.0.1] AndroidManifest.xml:30:13-43
127            android:exported="false" >
127-->[com.google.firebase:firebase-messaging:21.0.1] AndroidManifest.xml:31:13-37
128            <intent-filter android:priority="-500" >
128-->[:react-native-firebase_messaging] AndroidManifest.xml:20:13-22:29
129                <action android:name="com.google.firebase.MESSAGING_EVENT" />
129-->[:react-native-notifications] AndroidManifest.xml:17:17-78
129-->[:react-native-notifications] AndroidManifest.xml:17:25-75
130            </intent-filter>
131        </service>
132        <service
132-->[com.google.firebase:firebase-messaging:21.0.1] AndroidManifest.xml:36:9-42:19
133            android:name="com.google.firebase.components.ComponentDiscoveryService"
133-->[com.google.firebase:firebase-messaging:21.0.1] AndroidManifest.xml:37:13-84
134            android:directBootAware="true"
134-->[com.google.firebase:firebase-common:19.5.0] AndroidManifest.xml:35:13-43
135            android:exported="false" >
135-->[com.google.firebase:firebase-messaging:21.0.1] AndroidManifest.xml:38:13-37
136            <meta-data
136-->[com.google.firebase:firebase-messaging:21.0.1] AndroidManifest.xml:39:13-41:85
137                android:name="com.google.firebase.components:com.google.firebase.messaging.FirebaseMessagingRegistrar"
137-->[com.google.firebase:firebase-messaging:21.0.1] AndroidManifest.xml:40:17-119
138                android:value="com.google.firebase.components.ComponentRegistrar" />
138-->[com.google.firebase:firebase-messaging:21.0.1] AndroidManifest.xml:41:17-82
139            <meta-data
139-->[com.google.firebase:firebase-datatransport:17.0.10] AndroidManifest.xml:28:13-30:85
140                android:name="com.google.firebase.components:com.google.firebase.datatransport.TransportRegistrar"
140-->[com.google.firebase:firebase-datatransport:17.0.10] AndroidManifest.xml:29:17-115
141                android:value="com.google.firebase.components.ComponentRegistrar" />
141-->[com.google.firebase:firebase-datatransport:17.0.10] AndroidManifest.xml:30:17-82
142            <meta-data
142-->[com.google.firebase:firebase-iid:21.0.1] AndroidManifest.xml:32:13-34:85
143                android:name="com.google.firebase.components:com.google.firebase.iid.Registrar"
143-->[com.google.firebase:firebase-iid:21.0.1] AndroidManifest.xml:33:17-96
144                android:value="com.google.firebase.components.ComponentRegistrar" />
144-->[com.google.firebase:firebase-iid:21.0.1] AndroidManifest.xml:34:17-82
145            <meta-data
145-->[com.google.android.gms:play-services-measurement-api:18.0.2] AndroidManifest.xml:30:13-32:85
146                android:name="com.google.firebase.components:com.google.firebase.analytics.connector.internal.AnalyticsConnectorRegistrar"
146-->[com.google.android.gms:play-services-measurement-api:18.0.2] AndroidManifest.xml:31:17-139
147                android:value="com.google.firebase.components.ComponentRegistrar" />
147-->[com.google.android.gms:play-services-measurement-api:18.0.2] AndroidManifest.xml:32:17-82
148            <meta-data
148-->[com.google.firebase:firebase-installations:16.3.5] AndroidManifest.xml:18:13-20:85
149                android:name="com.google.firebase.components:com.google.firebase.installations.FirebaseInstallationsRegistrar"
149-->[com.google.firebase:firebase-installations:16.3.5] AndroidManifest.xml:19:17-127
150                android:value="com.google.firebase.components.ComponentRegistrar" />
150-->[com.google.firebase:firebase-installations:16.3.5] AndroidManifest.xml:20:17-82
151            <!--
152                This registrar is not defined in the dynamic-module-support sdk itself to allow non-firebase
153                clients to use it as well, by defining this registrar in their own core/common library.
154            -->
155            <meta-data
155-->[com.google.firebase:firebase-common:19.5.0] AndroidManifest.xml:43:13-45:85
156                android:name="com.google.firebase.components:com.google.firebase.dynamicloading.DynamicLoadingRegistrar"
156-->[com.google.firebase:firebase-common:19.5.0] AndroidManifest.xml:44:17-121
157                android:value="com.google.firebase.components.ComponentRegistrar" />
157-->[com.google.firebase:firebase-common:19.5.0] AndroidManifest.xml:45:17-82
158        </service>
159
160        <provider
160-->[:react-native-image-picker] AndroidManifest.xml:10:9-18:20
161            android:name="com.imagepicker.FileProvider"
161-->[:react-native-image-picker] AndroidManifest.xml:11:13-56
162            android:authorities="com.coolq.provider"
162-->[:react-native-image-picker] AndroidManifest.xml:12:13-60
163            android:exported="false"
163-->[:react-native-image-picker] AndroidManifest.xml:13:13-37
164            android:grantUriPermissions="true" >
164-->[:react-native-image-picker] AndroidManifest.xml:14:13-47
165            <meta-data
165-->[:react-native-image-picker] AndroidManifest.xml:15:13-17:58
166                android:name="android.support.FILE_PROVIDER_PATHS"
166-->[:react-native-image-picker] AndroidManifest.xml:16:17-67
167                android:resource="@xml/provider_paths" />
167-->[:react-native-image-picker] AndroidManifest.xml:17:17-55
168        </provider>
169        <provider
169-->[:rn-fetch-blob] AndroidManifest.xml:36:9-44:20
170            android:name="com.RNFetchBlob.Utils.FileProvider"
170-->[:rn-fetch-blob] AndroidManifest.xml:37:13-62
171            android:authorities="com.coolq.provider"
171-->[:rn-fetch-blob] AndroidManifest.xml:38:13-60
172            android:exported="false"
172-->[:rn-fetch-blob] AndroidManifest.xml:39:13-37
173            android:grantUriPermissions="true" >
173-->[:rn-fetch-blob] AndroidManifest.xml:40:13-47
174            <meta-data
174-->[:react-native-image-picker] AndroidManifest.xml:15:13-17:58
175                android:name="android.support.FILE_PROVIDER_PATHS"
175-->[:react-native-image-picker] AndroidManifest.xml:16:17-67
176                android:resource="@xml/provider_paths" />
176-->[:react-native-image-picker] AndroidManifest.xml:17:17-55
177        </provider>
178
179        <service
179-->[com.google.android.datatransport:transport-backend-cct:2.3.3] AndroidManifest.xml:29:9-35:19
180            android:name="com.google.android.datatransport.runtime.backends.TransportBackendDiscovery"
180-->[com.google.android.datatransport:transport-backend-cct:2.3.3] AndroidManifest.xml:30:13-103
181            android:exported="false" >
181-->[com.google.android.datatransport:transport-backend-cct:2.3.3] AndroidManifest.xml:31:13-37
182            <meta-data
182-->[com.google.android.datatransport:transport-backend-cct:2.3.3] AndroidManifest.xml:32:13-34:39
183                android:name="backend:com.google.android.datatransport.cct.CctBackendFactory"
183-->[com.google.android.datatransport:transport-backend-cct:2.3.3] AndroidManifest.xml:33:17-94
184                android:value="cct" />
184-->[com.google.android.datatransport:transport-backend-cct:2.3.3] AndroidManifest.xml:34:17-36
185        </service>
186
187        <receiver
187-->[com.google.firebase:firebase-iid:21.0.1] AndroidManifest.xml:37:9-44:20
188            android:name="com.google.firebase.iid.FirebaseInstanceIdReceiver"
188-->[com.google.firebase:firebase-iid:21.0.1] AndroidManifest.xml:38:13-78
189            android:exported="true"
189-->[com.google.firebase:firebase-iid:21.0.1] AndroidManifest.xml:39:13-36
190            android:permission="com.google.android.c2dm.permission.SEND" >
190-->[com.google.firebase:firebase-iid:21.0.1] AndroidManifest.xml:40:13-73
191            <intent-filter>
191-->src\main\AndroidManifest.xml:29:9-31:25
192                <action android:name="com.google.android.c2dm.intent.RECEIVE" />
192-->src\main\AndroidManifest.xml:30:13-77
192-->src\main\AndroidManifest.xml:30:21-74
193            </intent-filter>
194        </receiver>
195
196        <provider
196-->[com.google.firebase:firebase-common:19.5.0] AndroidManifest.xml:26:9-31:39
197            android:name="com.google.firebase.provider.FirebaseInitProvider"
197-->[com.google.firebase:firebase-common:19.5.0] AndroidManifest.xml:27:13-77
198            android:authorities="com.coolq.firebaseinitprovider"
198-->[com.google.firebase:firebase-common:19.5.0] AndroidManifest.xml:28:13-72
199            android:directBootAware="true"
199-->[com.google.firebase:firebase-common:19.5.0] AndroidManifest.xml:29:13-43
200            android:exported="false"
200-->[com.google.firebase:firebase-common:19.5.0] AndroidManifest.xml:30:13-37
201            android:initOrder="100" />
201-->[com.google.firebase:firebase-common:19.5.0] AndroidManifest.xml:31:13-36
202
203        <service
203-->[com.google.android.datatransport:transport-runtime:2.2.5] AndroidManifest.xml:26:9-30:19
204            android:name="com.google.android.datatransport.runtime.scheduling.jobscheduling.JobInfoSchedulerService"
204-->[com.google.android.datatransport:transport-runtime:2.2.5] AndroidManifest.xml:27:13-117
205            android:exported="false"
205-->[com.google.android.datatransport:transport-runtime:2.2.5] AndroidManifest.xml:28:13-37
206            android:permission="android.permission.BIND_JOB_SERVICE" >
206-->[com.google.android.datatransport:transport-runtime:2.2.5] AndroidManifest.xml:29:13-69
207        </service>
208
209        <receiver
209-->[com.google.android.datatransport:transport-runtime:2.2.5] AndroidManifest.xml:32:9-34:40
210            android:name="com.google.android.datatransport.runtime.scheduling.jobscheduling.AlarmManagerSchedulerBroadcastReceiver"
210-->[com.google.android.datatransport:transport-runtime:2.2.5] AndroidManifest.xml:33:13-132
211            android:exported="false" />
211-->[com.google.android.datatransport:transport-runtime:2.2.5] AndroidManifest.xml:34:13-37
212
213        <activity
213-->[com.google.android.gms:play-services-auth:19.2.0] AndroidManifest.xml:23:9-27:75
214            android:name="com.google.android.gms.auth.api.signin.internal.SignInHubActivity"
214-->[com.google.android.gms:play-services-auth:19.2.0] AndroidManifest.xml:24:13-93
215            android:excludeFromRecents="true"
215-->[com.google.android.gms:play-services-auth:19.2.0] AndroidManifest.xml:25:13-46
216            android:exported="false"
216-->[com.google.android.gms:play-services-auth:19.2.0] AndroidManifest.xml:26:13-37
217            android:theme="@android:style/Theme.Translucent.NoTitleBar" />
217-->[com.google.android.gms:play-services-auth:19.2.0] AndroidManifest.xml:27:13-72
218        <!--
219            Service handling Google Sign-In user revocation. For apps that do not integrate with
220            Google Sign-In, this service will never be started.
221        -->
222        <service
222-->[com.google.android.gms:play-services-auth:19.2.0] AndroidManifest.xml:33:9-37:51
223            android:name="com.google.android.gms.auth.api.signin.RevocationBoundService"
223-->[com.google.android.gms:play-services-auth:19.2.0] AndroidManifest.xml:34:13-89
224            android:exported="true"
224-->[com.google.android.gms:play-services-auth:19.2.0] AndroidManifest.xml:35:13-36
225            android:permission="com.google.android.gms.auth.api.signin.permission.REVOCATION_NOTIFICATION"
225-->[com.google.android.gms:play-services-auth:19.2.0] AndroidManifest.xml:36:13-107
226            android:visibleToInstantApps="true" /> <!-- Needs to be explicitly declared on P+ -->
226-->[com.google.android.gms:play-services-auth:19.2.0] AndroidManifest.xml:37:13-48
227        <uses-library
227-->[com.google.android.gms:play-services-maps:17.0.0] AndroidManifest.xml:33:9-35:40
228            android:name="org.apache.http.legacy"
228-->[com.google.android.gms:play-services-maps:17.0.0] AndroidManifest.xml:34:13-50
229            android:required="false" />
229-->[com.google.android.gms:play-services-maps:17.0.0] AndroidManifest.xml:35:13-37
230
231        <activity
231-->[com.google.android.gms:play-services-base:17.5.0] AndroidManifest.xml:23:9-26:75
232            android:name="com.google.android.gms.common.api.GoogleApiActivity"
232-->[com.google.android.gms:play-services-base:17.5.0] AndroidManifest.xml:24:13-79
233            android:exported="false"
233-->[com.google.android.gms:play-services-base:17.5.0] AndroidManifest.xml:25:13-37
234            android:theme="@android:style/Theme.Translucent.NoTitleBar" />
234-->[com.google.android.gms:play-services-base:17.5.0] AndroidManifest.xml:26:13-72
235
236        <receiver
236-->[com.google.android.gms:play-services-measurement:18.0.2] AndroidManifest.xml:29:9-33:20
237            android:name="com.google.android.gms.measurement.AppMeasurementReceiver"
237-->[com.google.android.gms:play-services-measurement:18.0.2] AndroidManifest.xml:30:13-85
238            android:enabled="true"
238-->[com.google.android.gms:play-services-measurement:18.0.2] AndroidManifest.xml:31:13-35
239            android:exported="false" >
239-->[com.google.android.gms:play-services-measurement:18.0.2] AndroidManifest.xml:32:13-37
240        </receiver>
241
242        <service
242-->[com.google.android.gms:play-services-measurement:18.0.2] AndroidManifest.xml:35:9-38:40
243            android:name="com.google.android.gms.measurement.AppMeasurementService"
243-->[com.google.android.gms:play-services-measurement:18.0.2] AndroidManifest.xml:36:13-84
244            android:enabled="true"
244-->[com.google.android.gms:play-services-measurement:18.0.2] AndroidManifest.xml:37:13-35
245            android:exported="false" />
245-->[com.google.android.gms:play-services-measurement:18.0.2] AndroidManifest.xml:38:13-37
246        <service
246-->[com.google.android.gms:play-services-measurement:18.0.2] AndroidManifest.xml:39:9-43:72
247            android:name="com.google.android.gms.measurement.AppMeasurementJobService"
247-->[com.google.android.gms:play-services-measurement:18.0.2] AndroidManifest.xml:40:13-87
248            android:enabled="true"
248-->[com.google.android.gms:play-services-measurement:18.0.2] AndroidManifest.xml:41:13-35
249            android:exported="false"
249-->[com.google.android.gms:play-services-measurement:18.0.2] AndroidManifest.xml:42:13-37
250            android:permission="android.permission.BIND_JOB_SERVICE" />
250-->[com.google.android.gms:play-services-measurement:18.0.2] AndroidManifest.xml:43:13-69
251
252        <meta-data
252-->[com.google.android.gms:play-services-basement:17.5.0] AndroidManifest.xml:23:9-25:69
253            android:name="com.google.android.gms.version"
253-->[com.google.android.gms:play-services-basement:17.5.0] AndroidManifest.xml:24:13-58
254            android:value="@integer/google_play_services_version" />
254-->[com.google.android.gms:play-services-basement:17.5.0] AndroidManifest.xml:25:13-66
255    </application>
256
257</manifest>